20160417215143 test1.exe 9180 vmms_malloc 73862008 50 0
20160417215147 test1.exe 9180 vmms_memcpy 0 7386200F 013B31DF 7
20160417215150 test2.exe 3784 vmms_malloc 73862040 20 0
20160417215159 test1.exe 9180 vmms_memcpy 0 73862015 013B321F 3
20160417215200 test1.exe 9180 vmms_malloc 73862058 10 0
20160417215223 test2.exe 3784 vmms_memcpy 101 73862040 013F3214 21
20160417215226 test2.exe 3784 vmms_memcpy 101 7386204A 013F3278 11
20160417215226 test2.exe 3784 vmms_memcpy 0 73862047 013F32E7 7
20160417215235 test1.exe 9304 vmms_malloc 73862068 50 0
20160417215238 test1.exe 9304 vmms_memcpy 0 7386206F 013B31DF 7
20160417215239 test1.exe 9304 vmms_memcpy 0 73862075 013B321F 3
20160417215240 test1.exe 9304 vmms_malloc 738620A0 10 0
20160417215253 test1.exe 9304 vmms_memset 0 738620A9 c 9
20160417215254 test1.exe 9304 vmms_print 0 738620A9 9
20160417215256 test1.exe 9180 vmms_memset 0 73862061 c 9
20160417215257 test1.exe 9180 vmms_print 0 73862061 9
20160417215258 test1.exe 9180 vmms_free 104 002B5508
20160417215259 test1.exe 9304 vmms_free 104 006F5468
20160417215309 test2.exe 3784 vmms_free 0 73862040
20160417215314 test2.exe 3784 vmms_malloc 738620B0 28 0
20160417215319 test2.exe 3784 vmms_memcpy 0 738620BB 013F337F 7
